[2023-11-29T14:27:28.651+0000] {taskinstance.py:1083} INFO - Dependencies all met for <TaskInstance: football-etl.extract_market_value scheduled__2023-03-10T00:00:00+00:00 [queued]>
[2023-11-29T14:27:28.667+0000] {taskinstance.py:1083} INFO - Dependencies all met for <TaskInstance: football-etl.extract_market_value scheduled__2023-03-10T00:00:00+00:00 [queued]>
[2023-11-29T14:27:28.668+0000] {taskinstance.py:1279} INFO - 
--------------------------------------------------------------------------------
[2023-11-29T14:27:28.669+0000] {taskinstance.py:1280} INFO - Starting attempt 1 of 2
[2023-11-29T14:27:28.669+0000] {taskinstance.py:1281} INFO - 
--------------------------------------------------------------------------------
[2023-11-29T14:27:28.951+0000] {taskinstance.py:1300} INFO - Executing <Task(PythonOperator): extract_market_value> on 2023-03-10 00:00:00+00:00
[2023-11-29T14:27:28.962+0000] {standard_task_runner.py:55} INFO - Started process 424 to run task
[2023-11-29T14:27:28.964+0000] {standard_task_runner.py:82} INFO - Running: ['***', 'tasks', 'run', 'football-etl', 'extract_market_value', 'scheduled__2023-03-10T00:00:00+00:00', '--job-id', '365', '--raw', '--subdir', 'DAGS_FOLDER/dag-football.py', '--cfg-path', '/tmp/tmpliikyzgc']
[2023-11-29T14:27:28.965+0000] {standard_task_runner.py:83} INFO - Job 365: Subtask extract_market_value
[2023-11-29T14:27:29.039+0000] {task_command.py:388} INFO - Running <TaskInstance: football-etl.extract_market_value scheduled__2023-03-10T00:00:00+00:00 [running]> on host 6377c365460c
[2023-11-29T14:27:29.134+0000] {taskinstance.py:1509} INFO - Exporting the following env vars:
AIRFLOW_CTX_DAG_OWNER=***
AIRFLOW_CTX_DAG_ID=football-etl
AIRFLOW_CTX_TASK_ID=extract_market_value
AIRFLOW_CTX_EXECUTION_DATE=2023-03-10T00:00:00+00:00
AIRFLOW_CTX_TRY_NUMBER=1
AIRFLOW_CTX_DAG_RUN_ID=scheduled__2023-03-10T00:00:00+00:00
[2023-11-29T14:27:45.388+0000] {extract_market_value.py:65} INFO - Data exported to dags/files/market_value_data.csv successfully.
[2023-11-29T14:27:45.388+0000] {python.py:177} INFO - Done. Returned value was: None
[2023-11-29T14:27:45.401+0000] {taskinstance.py:1323} INFO - Marking task as SUCCESS. dag_id=football-etl, task_id=extract_market_value, execution_date=20230310T000000, start_date=20231129T142728, end_date=20231129T142745
[2023-11-29T14:27:45.487+0000] {local_task_job.py:208} INFO - Task exited with return code 0
[2023-11-29T14:27:45.528+0000] {taskinstance.py:2578} INFO - 1 downstream tasks scheduled from follow-on schedule check
