[2023-11-29T13:53:34.577+0000] {taskinstance.py:1083} INFO - Dependencies all met for <TaskInstance: football-etl.extract_matches manual__2023-11-29T13:36:13.438699+00:00 [queued]>
[2023-11-29T13:53:34.588+0000] {taskinstance.py:1083} INFO - Dependencies all met for <TaskInstance: football-etl.extract_matches manual__2023-11-29T13:36:13.438699+00:00 [queued]>
[2023-11-29T13:53:34.588+0000] {taskinstance.py:1279} INFO - 
--------------------------------------------------------------------------------
[2023-11-29T13:53:34.589+0000] {taskinstance.py:1280} INFO - Starting attempt 1 of 2
[2023-11-29T13:53:34.589+0000] {taskinstance.py:1281} INFO - 
--------------------------------------------------------------------------------
[2023-11-29T13:53:34.607+0000] {taskinstance.py:1300} INFO - Executing <Task(PythonOperator): extract_matches> on 2023-11-29 13:36:13.438699+00:00
[2023-11-29T13:53:34.613+0000] {standard_task_runner.py:55} INFO - Started process 690 to run task
[2023-11-29T13:53:34.615+0000] {standard_task_runner.py:82} INFO - Running: ['***', 'tasks', 'run', 'football-etl', 'extract_matches', 'manual__2023-11-29T13:36:13.438699+00:00', '--job-id', '148', '--raw', '--subdir', 'DAGS_FOLDER/dag-football.py', '--cfg-path', '/tmp/tmpqqi0w6gi']
[2023-11-29T13:53:34.616+0000] {standard_task_runner.py:83} INFO - Job 148: Subtask extract_matches
[2023-11-29T13:53:34.839+0000] {task_command.py:388} INFO - Running <TaskInstance: football-etl.extract_matches manual__2023-11-29T13:36:13.438699+00:00 [running]> on host 6377c365460c
[2023-11-29T13:53:34.913+0000] {taskinstance.py:1509} INFO - Exporting the following env vars:
AIRFLOW_CTX_DAG_OWNER=***
AIRFLOW_CTX_DAG_ID=football-etl
AIRFLOW_CTX_TASK_ID=extract_matches
AIRFLOW_CTX_EXECUTION_DATE=2023-11-29T13:36:13.438699+00:00
AIRFLOW_CTX_TRY_NUMBER=1
AIRFLOW_CTX_DAG_RUN_ID=manual__2023-11-29T13:36:13.438699+00:00
[2023-11-29T13:53:35.750+0000] {extract_matches.py:13} ERROR - HTTP Error: 429 Client Error:  for url: https://api.football-data.org/v4/competitions/PL/matches?season=2023
[2023-11-29T13:53:35.751+0000] {python.py:177} INFO - Done. Returned value was: None
[2023-11-29T13:53:35.760+0000] {taskinstance.py:1323} INFO - Marking task as SUCCESS. dag_id=football-etl, task_id=extract_matches, execution_date=20231129T133613, start_date=20231129T135334, end_date=20231129T135335
[2023-11-29T13:53:35.791+0000] {local_task_job.py:208} INFO - Task exited with return code 0
[2023-11-29T13:53:35.972+0000] {taskinstance.py:2578} INFO - 0 downstream tasks scheduled from follow-on schedule check
