[2023-11-29T14:27:12.908+0000] {taskinstance.py:1083} INFO - Dependencies all met for <TaskInstance: football-etl.clean_webscraped scheduled__2023-03-05T00:00:00+00:00 [queued]>
[2023-11-29T14:27:12.916+0000] {taskinstance.py:1083} INFO - Dependencies all met for <TaskInstance: football-etl.clean_webscraped scheduled__2023-03-05T00:00:00+00:00 [queued]>
[2023-11-29T14:27:12.917+0000] {taskinstance.py:1279} INFO - 
--------------------------------------------------------------------------------
[2023-11-29T14:27:12.917+0000] {taskinstance.py:1280} INFO - Starting attempt 1 of 2
[2023-11-29T14:27:12.917+0000] {taskinstance.py:1281} INFO - 
--------------------------------------------------------------------------------
[2023-11-29T14:27:12.932+0000] {taskinstance.py:1300} INFO - Executing <Task(PythonOperator): clean_webscraped> on 2023-03-05 00:00:00+00:00
[2023-11-29T14:27:12.940+0000] {standard_task_runner.py:55} INFO - Started process 329 to run task
[2023-11-29T14:27:12.942+0000] {standard_task_runner.py:82} INFO - Running: ['***', 'tasks', 'run', 'football-etl', 'clean_webscraped', 'scheduled__2023-03-05T00:00:00+00:00', '--job-id', '346', '--raw', '--subdir', 'DAGS_FOLDER/dag-football.py', '--cfg-path', '/tmp/tmpwik2_31h']
[2023-11-29T14:27:12.943+0000] {standard_task_runner.py:83} INFO - Job 346: Subtask clean_webscraped
[2023-11-29T14:27:13.000+0000] {task_command.py:388} INFO - Running <TaskInstance: football-etl.clean_webscraped scheduled__2023-03-05T00:00:00+00:00 [running]> on host 6377c365460c
[2023-11-29T14:27:13.063+0000] {taskinstance.py:1509} INFO - Exporting the following env vars:
AIRFLOW_CTX_DAG_OWNER=***
AIRFLOW_CTX_DAG_ID=football-etl
AIRFLOW_CTX_TASK_ID=clean_webscraped
AIRFLOW_CTX_EXECUTION_DATE=2023-03-05T00:00:00+00:00
AIRFLOW_CTX_TRY_NUMBER=1
AIRFLOW_CTX_DAG_RUN_ID=scheduled__2023-03-05T00:00:00+00:00
[2023-11-29T14:27:13.081+0000] {clean_webscraped.py:42} INFO - Cleaned data saved to dags/files/cleaned_table.csv successfully.
[2023-11-29T14:27:13.082+0000] {python.py:177} INFO - Done. Returned value was: None
[2023-11-29T14:27:13.090+0000] {taskinstance.py:1323} INFO - Marking task as SUCCESS. dag_id=football-etl, task_id=clean_webscraped, execution_date=20230305T000000, start_date=20231129T142712, end_date=20231129T142713
[2023-11-29T14:27:13.114+0000] {local_task_job.py:208} INFO - Task exited with return code 0
[2023-11-29T14:27:13.139+0000] {taskinstance.py:2578} INFO - 0 downstream tasks scheduled from follow-on schedule check
