[2023-11-29T14:27:48.484+0000] {taskinstance.py:1083} INFO - Dependencies all met for <TaskInstance: football-etl.transform_nameconsistency scheduled__2023-03-06T00:00:00+00:00 [queued]>
[2023-11-29T14:27:48.500+0000] {taskinstance.py:1083} INFO - Dependencies all met for <TaskInstance: football-etl.transform_nameconsistency scheduled__2023-03-06T00:00:00+00:00 [queued]>
[2023-11-29T14:27:48.500+0000] {taskinstance.py:1279} INFO - 
--------------------------------------------------------------------------------
[2023-11-29T14:27:48.501+0000] {taskinstance.py:1280} INFO - Starting attempt 1 of 2
[2023-11-29T14:27:48.502+0000] {taskinstance.py:1281} INFO - 
--------------------------------------------------------------------------------
[2023-11-29T14:27:48.735+0000] {taskinstance.py:1300} INFO - Executing <Task(PythonOperator): transform_nameconsistency> on 2023-03-06 00:00:00+00:00
[2023-11-29T14:27:48.745+0000] {standard_task_runner.py:55} INFO - Started process 535 to run task
[2023-11-29T14:27:48.748+0000] {standard_task_runner.py:82} INFO - Running: ['***', 'tasks', 'run', 'football-etl', 'transform_nameconsistency', 'scheduled__2023-03-06T00:00:00+00:00', '--job-id', '390', '--raw', '--subdir', 'DAGS_FOLDER/dag-football.py', '--cfg-path', '/tmp/tmpiu2c4aca']
[2023-11-29T14:27:48.749+0000] {standard_task_runner.py:83} INFO - Job 390: Subtask transform_nameconsistency
[2023-11-29T14:27:48.844+0000] {task_command.py:388} INFO - Running <TaskInstance: football-etl.transform_nameconsistency scheduled__2023-03-06T00:00:00+00:00 [running]> on host 6377c365460c
[2023-11-29T14:27:48.960+0000] {taskinstance.py:1509} INFO - Exporting the following env vars:
AIRFLOW_CTX_DAG_OWNER=***
AIRFLOW_CTX_DAG_ID=football-etl
AIRFLOW_CTX_TASK_ID=transform_nameconsistency
AIRFLOW_CTX_EXECUTION_DATE=2023-03-06T00:00:00+00:00
AIRFLOW_CTX_TRY_NUMBER=1
AIRFLOW_CTX_DAG_RUN_ID=scheduled__2023-03-06T00:00:00+00:00
[2023-11-29T14:27:48.965+0000] {transform_nameconsistency.py:16} INFO - Reading the tables...
[2023-11-29T14:27:49.000+0000] {transform_nameconsistency.py:22} INFO - Transforming Table 1...
[2023-11-29T14:27:49.006+0000] {transform_nameconsistency.py:26} INFO - Transforming Table 3...
[2023-11-29T14:27:49.022+0000] {transform_nameconsistency.py:34} INFO - Transformed tables saved to dags/files/matched_match_data.csv and dags/files/matched_table.csv successfully.
[2023-11-29T14:27:49.023+0000] {transform_nameconsistency.py:110} INFO - Tables successfully transformed.
[2023-11-29T14:27:49.024+0000] {python.py:177} INFO - Done. Returned value was: None
[2023-11-29T14:27:49.038+0000] {taskinstance.py:1323} INFO - Marking task as SUCCESS. dag_id=football-etl, task_id=transform_nameconsistency, execution_date=20230306T000000, start_date=20231129T142748, end_date=20231129T142749
[2023-11-29T14:27:49.081+0000] {local_task_job.py:208} INFO - Task exited with return code 0
[2023-11-29T14:27:49.124+0000] {taskinstance.py:2578} INFO - 1 downstream tasks scheduled from follow-on schedule check
