[2023-11-29T13:58:50.646+0000] {taskinstance.py:1083} INFO - Dependencies all met for <TaskInstance: football-etl.extract_market_value scheduled__2023-02-09T00:00:00+00:00 [queued]>
[2023-11-29T13:58:50.659+0000] {taskinstance.py:1083} INFO - Dependencies all met for <TaskInstance: football-etl.extract_market_value scheduled__2023-02-09T00:00:00+00:00 [queued]>
[2023-11-29T13:58:50.660+0000] {taskinstance.py:1279} INFO - 
--------------------------------------------------------------------------------
[2023-11-29T13:58:50.661+0000] {taskinstance.py:1280} INFO - Starting attempt 1 of 2
[2023-11-29T13:58:50.661+0000] {taskinstance.py:1281} INFO - 
--------------------------------------------------------------------------------
[2023-11-29T13:58:50.687+0000] {taskinstance.py:1300} INFO - Executing <Task(PythonOperator): extract_market_value> on 2023-02-09 00:00:00+00:00
[2023-11-29T13:58:50.695+0000] {standard_task_runner.py:55} INFO - Started process 2095 to run task
[2023-11-29T13:58:50.699+0000] {standard_task_runner.py:82} INFO - Running: ['***', 'tasks', 'run', 'football-etl', 'extract_market_value', 'scheduled__2023-02-09T00:00:00+00:00', '--job-id', '197', '--raw', '--subdir', 'DAGS_FOLDER/dag-football.py', '--cfg-path', '/tmp/tmpoafyoczs']
[2023-11-29T13:58:50.701+0000] {standard_task_runner.py:83} INFO - Job 197: Subtask extract_market_value
[2023-11-29T13:58:51.009+0000] {task_command.py:388} INFO - Running <TaskInstance: football-etl.extract_market_value scheduled__2023-02-09T00:00:00+00:00 [running]> on host 6377c365460c
[2023-11-29T13:58:51.152+0000] {taskinstance.py:1509} INFO - Exporting the following env vars:
AIRFLOW_CTX_DAG_OWNER=***
AIRFLOW_CTX_DAG_ID=football-etl
AIRFLOW_CTX_TASK_ID=extract_market_value
AIRFLOW_CTX_EXECUTION_DATE=2023-02-09T00:00:00+00:00
AIRFLOW_CTX_TRY_NUMBER=1
AIRFLOW_CTX_DAG_RUN_ID=scheduled__2023-02-09T00:00:00+00:00
[2023-11-29T13:59:11.349+0000] {extract_market_value.py:65} INFO - Data exported to files/market_value_data.csv successfully.
[2023-11-29T13:59:11.350+0000] {python.py:177} INFO - Done. Returned value was: None
[2023-11-29T13:59:11.362+0000] {taskinstance.py:1323} INFO - Marking task as SUCCESS. dag_id=football-etl, task_id=extract_market_value, execution_date=20230209T000000, start_date=20231129T135850, end_date=20231129T135911
[2023-11-29T13:59:11.414+0000] {local_task_job.py:208} INFO - Task exited with return code 0
[2023-11-29T13:59:11.445+0000] {taskinstance.py:2578} INFO - 0 downstream tasks scheduled from follow-on schedule check
