[2023-11-29T14:27:58.079+0000] {taskinstance.py:1083} INFO - Dependencies all met for <TaskInstance: football-etl.transform_nameconsistency scheduled__2023-03-10T00:00:00+00:00 [queued]>
[2023-11-29T14:27:58.096+0000] {taskinstance.py:1083} INFO - Dependencies all met for <TaskInstance: football-etl.transform_nameconsistency scheduled__2023-03-10T00:00:00+00:00 [queued]>
[2023-11-29T14:27:58.097+0000] {taskinstance.py:1279} INFO - 
--------------------------------------------------------------------------------
[2023-11-29T14:27:58.097+0000] {taskinstance.py:1280} INFO - Starting attempt 1 of 2
[2023-11-29T14:27:58.098+0000] {taskinstance.py:1281} INFO - 
--------------------------------------------------------------------------------
[2023-11-29T14:27:58.307+0000] {taskinstance.py:1300} INFO - Executing <Task(PythonOperator): transform_nameconsistency> on 2023-03-10 00:00:00+00:00
[2023-11-29T14:27:58.316+0000] {standard_task_runner.py:55} INFO - Started process 587 to run task
[2023-11-29T14:27:58.319+0000] {standard_task_runner.py:82} INFO - Running: ['***', 'tasks', 'run', 'football-etl', 'transform_nameconsistency', 'scheduled__2023-03-10T00:00:00+00:00', '--job-id', '400', '--raw', '--subdir', 'DAGS_FOLDER/dag-football.py', '--cfg-path', '/tmp/tmpjrqoxtgg']
[2023-11-29T14:27:58.319+0000] {standard_task_runner.py:83} INFO - Job 400: Subtask transform_nameconsistency
[2023-11-29T14:27:58.383+0000] {task_command.py:388} INFO - Running <TaskInstance: football-etl.transform_nameconsistency scheduled__2023-03-10T00:00:00+00:00 [running]> on host 6377c365460c
[2023-11-29T14:27:58.457+0000] {taskinstance.py:1509} INFO - Exporting the following env vars:
AIRFLOW_CTX_DAG_OWNER=***
AIRFLOW_CTX_DAG_ID=football-etl
AIRFLOW_CTX_TASK_ID=transform_nameconsistency
AIRFLOW_CTX_EXECUTION_DATE=2023-03-10T00:00:00+00:00
AIRFLOW_CTX_TRY_NUMBER=1
AIRFLOW_CTX_DAG_RUN_ID=scheduled__2023-03-10T00:00:00+00:00
[2023-11-29T14:27:58.460+0000] {transform_nameconsistency.py:16} INFO - Reading the tables...
[2023-11-29T14:27:58.485+0000] {transform_nameconsistency.py:22} INFO - Transforming Table 1...
[2023-11-29T14:27:58.487+0000] {transform_nameconsistency.py:26} INFO - Transforming Table 3...
[2023-11-29T14:27:58.501+0000] {transform_nameconsistency.py:34} INFO - Transformed tables saved to dags/files/matched_match_data.csv and dags/files/matched_table.csv successfully.
[2023-11-29T14:27:58.501+0000] {transform_nameconsistency.py:110} INFO - Tables successfully transformed.
[2023-11-29T14:27:58.502+0000] {python.py:177} INFO - Done. Returned value was: None
[2023-11-29T14:27:58.512+0000] {taskinstance.py:1323} INFO - Marking task as SUCCESS. dag_id=football-etl, task_id=transform_nameconsistency, execution_date=20230310T000000, start_date=20231129T142758, end_date=20231129T142758
[2023-11-29T14:27:58.531+0000] {local_task_job.py:208} INFO - Task exited with return code 0
[2023-11-29T14:27:58.562+0000] {taskinstance.py:2578} INFO - 1 downstream tasks scheduled from follow-on schedule check
