[2023-11-29T13:53:47.150+0000] {taskinstance.py:1083} INFO - Dependencies all met for <TaskInstance: football-etl.extract_matches manual__2023-11-29T13:53:14.084319+00:00 [queued]>
[2023-11-29T13:53:47.165+0000] {taskinstance.py:1083} INFO - Dependencies all met for <TaskInstance: football-etl.extract_matches manual__2023-11-29T13:53:14.084319+00:00 [queued]>
[2023-11-29T13:53:47.165+0000] {taskinstance.py:1279} INFO - 
--------------------------------------------------------------------------------
[2023-11-29T13:53:47.166+0000] {taskinstance.py:1280} INFO - Starting attempt 1 of 2
[2023-11-29T13:53:47.167+0000] {taskinstance.py:1281} INFO - 
--------------------------------------------------------------------------------
[2023-11-29T13:53:47.197+0000] {taskinstance.py:1300} INFO - Executing <Task(PythonOperator): extract_matches> on 2023-11-29 13:53:14.084319+00:00
[2023-11-29T13:53:47.277+0000] {standard_task_runner.py:55} INFO - Started process 728 to run task
[2023-11-29T13:53:47.280+0000] {standard_task_runner.py:82} INFO - Running: ['***', 'tasks', 'run', 'football-etl', 'extract_matches', 'manual__2023-11-29T13:53:14.084319+00:00', '--job-id', '152', '--raw', '--subdir', 'DAGS_FOLDER/dag-football.py', '--cfg-path', '/tmp/tmpbf_z__nj']
[2023-11-29T13:53:47.283+0000] {standard_task_runner.py:83} INFO - Job 152: Subtask extract_matches
[2023-11-29T13:53:47.583+0000] {task_command.py:388} INFO - Running <TaskInstance: football-etl.extract_matches manual__2023-11-29T13:53:14.084319+00:00 [running]> on host 6377c365460c
[2023-11-29T13:53:47.668+0000] {taskinstance.py:1509} INFO - Exporting the following env vars:
AIRFLOW_CTX_DAG_OWNER=***
AIRFLOW_CTX_DAG_ID=football-etl
AIRFLOW_CTX_TASK_ID=extract_matches
AIRFLOW_CTX_EXECUTION_DATE=2023-11-29T13:53:14.084319+00:00
AIRFLOW_CTX_TRY_NUMBER=1
AIRFLOW_CTX_DAG_RUN_ID=manual__2023-11-29T13:53:14.084319+00:00
[2023-11-29T13:53:48.564+0000] {extract_matches.py:13} ERROR - HTTP Error: 429 Client Error:  for url: https://api.football-data.org/v4/competitions/PL/matches?season=2023
[2023-11-29T13:53:48.565+0000] {python.py:177} INFO - Done. Returned value was: None
[2023-11-29T13:53:48.576+0000] {taskinstance.py:1323} INFO - Marking task as SUCCESS. dag_id=football-etl, task_id=extract_matches, execution_date=20231129T135314, start_date=20231129T135347, end_date=20231129T135348
[2023-11-29T13:53:48.628+0000] {local_task_job.py:208} INFO - Task exited with return code 0
[2023-11-29T13:53:48.880+0000] {taskinstance.py:2578} INFO - 0 downstream tasks scheduled from follow-on schedule check
