[2023-11-29T14:26:27.226+0000] {taskinstance.py:1083} INFO - Dependencies all met for <TaskInstance: football-etl.clean_webscraped scheduled__2023-02-19T00:00:00+00:00 [queued]>
[2023-11-29T14:26:27.245+0000] {taskinstance.py:1083} INFO - Dependencies all met for <TaskInstance: football-etl.clean_webscraped scheduled__2023-02-19T00:00:00+00:00 [queued]>
[2023-11-29T14:26:27.246+0000] {taskinstance.py:1279} INFO - 
--------------------------------------------------------------------------------
[2023-11-29T14:26:27.247+0000] {taskinstance.py:1280} INFO - Starting attempt 1 of 2
[2023-11-29T14:26:27.247+0000] {taskinstance.py:1281} INFO - 
--------------------------------------------------------------------------------
[2023-11-29T14:26:27.500+0000] {taskinstance.py:1300} INFO - Executing <Task(PythonOperator): clean_webscraped> on 2023-02-19 00:00:00+00:00
[2023-11-29T14:26:27.511+0000] {standard_task_runner.py:55} INFO - Started process 118 to run task
[2023-11-29T14:26:27.513+0000] {standard_task_runner.py:82} INFO - Running: ['***', 'tasks', 'run', 'football-etl', 'clean_webscraped', 'scheduled__2023-02-19T00:00:00+00:00', '--job-id', '299', '--raw', '--subdir', 'DAGS_FOLDER/dag-football.py', '--cfg-path', '/tmp/tmp3uxsv0jv']
[2023-11-29T14:26:27.514+0000] {standard_task_runner.py:83} INFO - Job 299: Subtask clean_webscraped
[2023-11-29T14:26:27.588+0000] {task_command.py:388} INFO - Running <TaskInstance: football-etl.clean_webscraped scheduled__2023-02-19T00:00:00+00:00 [running]> on host 6377c365460c
[2023-11-29T14:26:27.674+0000] {taskinstance.py:1509} INFO - Exporting the following env vars:
AIRFLOW_CTX_DAG_OWNER=***
AIRFLOW_CTX_DAG_ID=football-etl
AIRFLOW_CTX_TASK_ID=clean_webscraped
AIRFLOW_CTX_EXECUTION_DATE=2023-02-19T00:00:00+00:00
AIRFLOW_CTX_TRY_NUMBER=1
AIRFLOW_CTX_DAG_RUN_ID=scheduled__2023-02-19T00:00:00+00:00
[2023-11-29T14:26:27.699+0000] {clean_webscraped.py:42} INFO - Cleaned data saved to dags/files/cleaned_table.csv successfully.
[2023-11-29T14:26:27.699+0000] {python.py:177} INFO - Done. Returned value was: None
[2023-11-29T14:26:27.710+0000] {taskinstance.py:1323} INFO - Marking task as SUCCESS. dag_id=football-etl, task_id=clean_webscraped, execution_date=20230219T000000, start_date=20231129T142627, end_date=20231129T142627
[2023-11-29T14:26:27.766+0000] {local_task_job.py:208} INFO - Task exited with return code 0
[2023-11-29T14:26:27.789+0000] {taskinstance.py:2578} INFO - 0 downstream tasks scheduled from follow-on schedule check
