[2023-11-29T14:28:23.096+0000] {taskinstance.py:1083} INFO - Dependencies all met for <TaskInstance: football-etl.transform_jointables scheduled__2023-03-12T00:00:00+00:00 [queued]>
[2023-11-29T14:28:23.112+0000] {taskinstance.py:1083} INFO - Dependencies all met for <TaskInstance: football-etl.transform_jointables scheduled__2023-03-12T00:00:00+00:00 [queued]>
[2023-11-29T14:28:23.113+0000] {taskinstance.py:1279} INFO - 
--------------------------------------------------------------------------------
[2023-11-29T14:28:23.113+0000] {taskinstance.py:1280} INFO - Starting attempt 1 of 2
[2023-11-29T14:28:23.114+0000] {taskinstance.py:1281} INFO - 
--------------------------------------------------------------------------------
[2023-11-29T14:28:23.355+0000] {taskinstance.py:1300} INFO - Executing <Task(PythonOperator): transform_jointables> on 2023-03-12 00:00:00+00:00
[2023-11-29T14:28:23.366+0000] {standard_task_runner.py:55} INFO - Started process 705 to run task
[2023-11-29T14:28:23.369+0000] {standard_task_runner.py:82} INFO - Running: ['***', 'tasks', 'run', 'football-etl', 'transform_jointables', 'scheduled__2023-03-12T00:00:00+00:00', '--job-id', '423', '--raw', '--subdir', 'DAGS_FOLDER/dag-football.py', '--cfg-path', '/tmp/tmpww2er0t9']
[2023-11-29T14:28:23.370+0000] {standard_task_runner.py:83} INFO - Job 423: Subtask transform_jointables
[2023-11-29T14:28:23.447+0000] {task_command.py:388} INFO - Running <TaskInstance: football-etl.transform_jointables scheduled__2023-03-12T00:00:00+00:00 [running]> on host 6377c365460c
[2023-11-29T14:28:23.523+0000] {taskinstance.py:1509} INFO - Exporting the following env vars:
AIRFLOW_CTX_DAG_OWNER=***
AIRFLOW_CTX_DAG_ID=football-etl
AIRFLOW_CTX_TASK_ID=transform_jointables
AIRFLOW_CTX_EXECUTION_DATE=2023-03-12T00:00:00+00:00
AIRFLOW_CTX_TRY_NUMBER=1
AIRFLOW_CTX_DAG_RUN_ID=scheduled__2023-03-12T00:00:00+00:00
[2023-11-29T14:28:23.526+0000] {transform_jointables.py:19} INFO - Reading the tables...
[2023-11-29T14:28:23.548+0000] {transform_jointables.py:25} INFO - Joining Table 1 and Table 2...
[2023-11-29T14:28:23.559+0000] {transform_jointables.py:37} INFO - Joining Table 2 and Table 3...
[2023-11-29T14:28:23.575+0000] {transform_jointables.py:47} INFO - Joined tables saved to "dags/files/joined_matches.csv" and "dags/files/joined_teams.csv" successfully.
[2023-11-29T14:28:23.576+0000] {transform_jointables.py:60} INFO - Tables successfully joined. Ready to load to SQL database.
[2023-11-29T14:28:23.576+0000] {python.py:177} INFO - Done. Returned value was: None
[2023-11-29T14:28:23.587+0000] {taskinstance.py:1323} INFO - Marking task as SUCCESS. dag_id=football-etl, task_id=transform_jointables, execution_date=20230312T000000, start_date=20231129T142823, end_date=20231129T142823
[2023-11-29T14:28:23.621+0000] {local_task_job.py:208} INFO - Task exited with return code 0
[2023-11-29T14:28:23.652+0000] {taskinstance.py:2578} INFO - 1 downstream tasks scheduled from follow-on schedule check
