[2023-11-29T14:26:34.322+0000] {taskinstance.py:1083} INFO - Dependencies all met for <TaskInstance: football-etl.clean_webscraped scheduled__2023-02-15T00:00:00+00:00 [queued]>
[2023-11-29T14:26:34.340+0000] {taskinstance.py:1083} INFO - Dependencies all met for <TaskInstance: football-etl.clean_webscraped scheduled__2023-02-15T00:00:00+00:00 [queued]>
[2023-11-29T14:26:34.341+0000] {taskinstance.py:1279} INFO - 
--------------------------------------------------------------------------------
[2023-11-29T14:26:34.346+0000] {taskinstance.py:1280} INFO - Starting attempt 1 of 2
[2023-11-29T14:26:34.348+0000] {taskinstance.py:1281} INFO - 
--------------------------------------------------------------------------------
[2023-11-29T14:26:34.627+0000] {taskinstance.py:1300} INFO - Executing <Task(PythonOperator): clean_webscraped> on 2023-02-15 00:00:00+00:00
[2023-11-29T14:26:34.636+0000] {standard_task_runner.py:55} INFO - Started process 143 to run task
[2023-11-29T14:26:34.639+0000] {standard_task_runner.py:82} INFO - Running: ['***', 'tasks', 'run', 'football-etl', 'clean_webscraped', 'scheduled__2023-02-15T00:00:00+00:00', '--job-id', '310', '--raw', '--subdir', 'DAGS_FOLDER/dag-football.py', '--cfg-path', '/tmp/tmp38wv4wfy']
[2023-11-29T14:26:34.640+0000] {standard_task_runner.py:83} INFO - Job 310: Subtask clean_webscraped
[2023-11-29T14:26:34.710+0000] {task_command.py:388} INFO - Running <TaskInstance: football-etl.clean_webscraped scheduled__2023-02-15T00:00:00+00:00 [running]> on host 6377c365460c
[2023-11-29T14:26:34.796+0000] {taskinstance.py:1509} INFO - Exporting the following env vars:
AIRFLOW_CTX_DAG_OWNER=***
AIRFLOW_CTX_DAG_ID=football-etl
AIRFLOW_CTX_TASK_ID=clean_webscraped
AIRFLOW_CTX_EXECUTION_DATE=2023-02-15T00:00:00+00:00
AIRFLOW_CTX_TRY_NUMBER=1
AIRFLOW_CTX_DAG_RUN_ID=scheduled__2023-02-15T00:00:00+00:00
[2023-11-29T14:26:34.822+0000] {clean_webscraped.py:42} INFO - Cleaned data saved to dags/files/cleaned_table.csv successfully.
[2023-11-29T14:26:34.822+0000] {python.py:177} INFO - Done. Returned value was: None
[2023-11-29T14:26:34.835+0000] {taskinstance.py:1323} INFO - Marking task as SUCCESS. dag_id=football-etl, task_id=clean_webscraped, execution_date=20230215T000000, start_date=20231129T142634, end_date=20231129T142634
[2023-11-29T14:26:34.892+0000] {local_task_job.py:208} INFO - Task exited with return code 0
[2023-11-29T14:26:35.002+0000] {taskinstance.py:2578} INFO - 0 downstream tasks scheduled from follow-on schedule check
