[2023-11-29T13:53:37.290+0000] {taskinstance.py:1083} INFO - Dependencies all met for <TaskInstance: football-etl.extract_market_value manual__2023-11-29T13:37:43.894468+00:00 [queued]>
[2023-11-29T13:53:37.303+0000] {taskinstance.py:1083} INFO - Dependencies all met for <TaskInstance: football-etl.extract_market_value manual__2023-11-29T13:37:43.894468+00:00 [queued]>
[2023-11-29T13:53:37.303+0000] {taskinstance.py:1279} INFO - 
--------------------------------------------------------------------------------
[2023-11-29T13:53:37.304+0000] {taskinstance.py:1280} INFO - Starting attempt 1 of 2
[2023-11-29T13:53:37.304+0000] {taskinstance.py:1281} INFO - 
--------------------------------------------------------------------------------
[2023-11-29T13:53:37.321+0000] {taskinstance.py:1300} INFO - Executing <Task(PythonOperator): extract_market_value> on 2023-11-29 13:37:43.894468+00:00
[2023-11-29T13:53:37.328+0000] {standard_task_runner.py:55} INFO - Started process 694 to run task
[2023-11-29T13:53:37.330+0000] {standard_task_runner.py:82} INFO - Running: ['***', 'tasks', 'run', 'football-etl', 'extract_market_value', 'manual__2023-11-29T13:37:43.894468+00:00', '--job-id', '150', '--raw', '--subdir', 'DAGS_FOLDER/dag-football.py', '--cfg-path', '/tmp/tmpx8x0gx6t']
[2023-11-29T13:53:37.331+0000] {standard_task_runner.py:83} INFO - Job 150: Subtask extract_market_value
[2023-11-29T13:53:37.558+0000] {task_command.py:388} INFO - Running <TaskInstance: football-etl.extract_market_value manual__2023-11-29T13:37:43.894468+00:00 [running]> on host 6377c365460c
[2023-11-29T13:53:37.625+0000] {taskinstance.py:1509} INFO - Exporting the following env vars:
AIRFLOW_CTX_DAG_OWNER=***
AIRFLOW_CTX_DAG_ID=football-etl
AIRFLOW_CTX_TASK_ID=extract_market_value
AIRFLOW_CTX_EXECUTION_DATE=2023-11-29T13:37:43.894468+00:00
AIRFLOW_CTX_TRY_NUMBER=1
AIRFLOW_CTX_DAG_RUN_ID=manual__2023-11-29T13:37:43.894468+00:00
[2023-11-29T13:53:54.883+0000] {extract_market_value.py:65} INFO - Data exported to files/market_value_data.csv successfully.
[2023-11-29T13:53:54.884+0000] {python.py:177} INFO - Done. Returned value was: None
[2023-11-29T13:53:54.897+0000] {taskinstance.py:1323} INFO - Marking task as SUCCESS. dag_id=football-etl, task_id=extract_market_value, execution_date=20231129T133743, start_date=20231129T135337, end_date=20231129T135354
[2023-11-29T13:53:54.955+0000] {local_task_job.py:208} INFO - Task exited with return code 0
[2023-11-29T13:53:54.990+0000] {taskinstance.py:2578} INFO - 0 downstream tasks scheduled from follow-on schedule check
