[2023-11-29T14:26:45.254+0000] {taskinstance.py:1083} INFO - Dependencies all met for <TaskInstance: football-etl.extract_market_value scheduled__2023-03-01T00:00:00+00:00 [queued]>
[2023-11-29T14:26:45.269+0000] {taskinstance.py:1083} INFO - Dependencies all met for <TaskInstance: football-etl.extract_market_value scheduled__2023-03-01T00:00:00+00:00 [queued]>
[2023-11-29T14:26:45.270+0000] {taskinstance.py:1279} INFO - 
--------------------------------------------------------------------------------
[2023-11-29T14:26:45.271+0000] {taskinstance.py:1280} INFO - Starting attempt 1 of 2
[2023-11-29T14:26:45.272+0000] {taskinstance.py:1281} INFO - 
--------------------------------------------------------------------------------
[2023-11-29T14:26:45.481+0000] {taskinstance.py:1300} INFO - Executing <Task(PythonOperator): extract_market_value> on 2023-03-01 00:00:00+00:00
[2023-11-29T14:26:45.490+0000] {standard_task_runner.py:55} INFO - Started process 223 to run task
[2023-11-29T14:26:45.492+0000] {standard_task_runner.py:82} INFO - Running: ['***', 'tasks', 'run', 'football-etl', 'extract_market_value', 'scheduled__2023-03-01T00:00:00+00:00', '--job-id', '328', '--raw', '--subdir', 'DAGS_FOLDER/dag-football.py', '--cfg-path', '/tmp/tmpe5hsg5ru']
[2023-11-29T14:26:45.493+0000] {standard_task_runner.py:83} INFO - Job 328: Subtask extract_market_value
[2023-11-29T14:26:45.591+0000] {task_command.py:388} INFO - Running <TaskInstance: football-etl.extract_market_value scheduled__2023-03-01T00:00:00+00:00 [running]> on host 6377c365460c
[2023-11-29T14:26:45.667+0000] {taskinstance.py:1509} INFO - Exporting the following env vars:
AIRFLOW_CTX_DAG_OWNER=***
AIRFLOW_CTX_DAG_ID=football-etl
AIRFLOW_CTX_TASK_ID=extract_market_value
AIRFLOW_CTX_EXECUTION_DATE=2023-03-01T00:00:00+00:00
AIRFLOW_CTX_TRY_NUMBER=1
AIRFLOW_CTX_DAG_RUN_ID=scheduled__2023-03-01T00:00:00+00:00
[2023-11-29T14:27:08.755+0000] {extract_market_value.py:65} INFO - Data exported to dags/files/market_value_data.csv successfully.
[2023-11-29T14:27:08.756+0000] {python.py:177} INFO - Done. Returned value was: None
[2023-11-29T14:27:08.775+0000] {taskinstance.py:1323} INFO - Marking task as SUCCESS. dag_id=football-etl, task_id=extract_market_value, execution_date=20230301T000000, start_date=20231129T142645, end_date=20231129T142708
[2023-11-29T14:27:08.971+0000] {local_task_job.py:208} INFO - Task exited with return code 0
[2023-11-29T14:27:09.012+0000] {taskinstance.py:2578} INFO - 1 downstream tasks scheduled from follow-on schedule check
