[2023-11-29T14:27:38.872+0000] {taskinstance.py:1083} INFO - Dependencies all met for <TaskInstance: football-etl.transform_nameconsistency scheduled__2023-03-08T00:00:00+00:00 [queued]>
[2023-11-29T14:27:38.892+0000] {taskinstance.py:1083} INFO - Dependencies all met for <TaskInstance: football-etl.transform_nameconsistency scheduled__2023-03-08T00:00:00+00:00 [queued]>
[2023-11-29T14:27:38.893+0000] {taskinstance.py:1279} INFO - 
--------------------------------------------------------------------------------
[2023-11-29T14:27:38.894+0000] {taskinstance.py:1280} INFO - Starting attempt 1 of 2
[2023-11-29T14:27:38.895+0000] {taskinstance.py:1281} INFO - 
--------------------------------------------------------------------------------
[2023-11-29T14:27:39.141+0000] {taskinstance.py:1300} INFO - Executing <Task(PythonOperator): transform_nameconsistency> on 2023-03-08 00:00:00+00:00
[2023-11-29T14:27:39.150+0000] {standard_task_runner.py:55} INFO - Started process 479 to run task
[2023-11-29T14:27:39.153+0000] {standard_task_runner.py:82} INFO - Running: ['***', 'tasks', 'run', 'football-etl', 'transform_nameconsistency', 'scheduled__2023-03-08T00:00:00+00:00', '--job-id', '381', '--raw', '--subdir', 'DAGS_FOLDER/dag-football.py', '--cfg-path', '/tmp/tmpm2v492bi']
[2023-11-29T14:27:39.154+0000] {standard_task_runner.py:83} INFO - Job 381: Subtask transform_nameconsistency
[2023-11-29T14:27:39.229+0000] {task_command.py:388} INFO - Running <TaskInstance: football-etl.transform_nameconsistency scheduled__2023-03-08T00:00:00+00:00 [running]> on host 6377c365460c
[2023-11-29T14:27:39.337+0000] {taskinstance.py:1509} INFO - Exporting the following env vars:
AIRFLOW_CTX_DAG_OWNER=***
AIRFLOW_CTX_DAG_ID=football-etl
AIRFLOW_CTX_TASK_ID=transform_nameconsistency
AIRFLOW_CTX_EXECUTION_DATE=2023-03-08T00:00:00+00:00
AIRFLOW_CTX_TRY_NUMBER=1
AIRFLOW_CTX_DAG_RUN_ID=scheduled__2023-03-08T00:00:00+00:00
[2023-11-29T14:27:39.341+0000] {transform_nameconsistency.py:16} INFO - Reading the tables...
[2023-11-29T14:27:39.365+0000] {transform_nameconsistency.py:22} INFO - Transforming Table 1...
[2023-11-29T14:27:39.368+0000] {transform_nameconsistency.py:26} INFO - Transforming Table 3...
[2023-11-29T14:27:39.385+0000] {transform_nameconsistency.py:34} INFO - Transformed tables saved to dags/files/matched_match_data.csv and dags/files/matched_table.csv successfully.
[2023-11-29T14:27:39.386+0000] {transform_nameconsistency.py:110} INFO - Tables successfully transformed.
[2023-11-29T14:27:39.386+0000] {python.py:177} INFO - Done. Returned value was: None
[2023-11-29T14:27:39.397+0000] {taskinstance.py:1323} INFO - Marking task as SUCCESS. dag_id=football-etl, task_id=transform_nameconsistency, execution_date=20230308T000000, start_date=20231129T142738, end_date=20231129T142739
[2023-11-29T14:27:39.446+0000] {local_task_job.py:208} INFO - Task exited with return code 0
[2023-11-29T14:27:39.479+0000] {taskinstance.py:2578} INFO - 1 downstream tasks scheduled from follow-on schedule check
