[2023-11-29T14:27:37.908+0000] {taskinstance.py:1083} INFO - Dependencies all met for <TaskInstance: football-etl.extract_market_value scheduled__2023-03-12T00:00:00+00:00 [queued]>
[2023-11-29T14:27:37.921+0000] {taskinstance.py:1083} INFO - Dependencies all met for <TaskInstance: football-etl.extract_market_value scheduled__2023-03-12T00:00:00+00:00 [queued]>
[2023-11-29T14:27:37.922+0000] {taskinstance.py:1279} INFO - 
--------------------------------------------------------------------------------
[2023-11-29T14:27:37.922+0000] {taskinstance.py:1280} INFO - Starting attempt 1 of 2
[2023-11-29T14:27:37.923+0000] {taskinstance.py:1281} INFO - 
--------------------------------------------------------------------------------
[2023-11-29T14:27:38.131+0000] {taskinstance.py:1300} INFO - Executing <Task(PythonOperator): extract_market_value> on 2023-03-12 00:00:00+00:00
[2023-11-29T14:27:38.141+0000] {standard_task_runner.py:55} INFO - Started process 474 to run task
[2023-11-29T14:27:38.143+0000] {standard_task_runner.py:82} INFO - Running: ['***', 'tasks', 'run', 'football-etl', 'extract_market_value', 'scheduled__2023-03-12T00:00:00+00:00', '--job-id', '377', '--raw', '--subdir', 'DAGS_FOLDER/dag-football.py', '--cfg-path', '/tmp/tmpjw2_i4sa']
[2023-11-29T14:27:38.144+0000] {standard_task_runner.py:83} INFO - Job 377: Subtask extract_market_value
[2023-11-29T14:27:38.221+0000] {task_command.py:388} INFO - Running <TaskInstance: football-etl.extract_market_value scheduled__2023-03-12T00:00:00+00:00 [running]> on host 6377c365460c
[2023-11-29T14:27:38.330+0000] {taskinstance.py:1509} INFO - Exporting the following env vars:
AIRFLOW_CTX_DAG_OWNER=***
AIRFLOW_CTX_DAG_ID=football-etl
AIRFLOW_CTX_TASK_ID=extract_market_value
AIRFLOW_CTX_EXECUTION_DATE=2023-03-12T00:00:00+00:00
AIRFLOW_CTX_TRY_NUMBER=1
AIRFLOW_CTX_DAG_RUN_ID=scheduled__2023-03-12T00:00:00+00:00
[2023-11-29T14:27:55.136+0000] {extract_market_value.py:65} INFO - Data exported to dags/files/market_value_data.csv successfully.
[2023-11-29T14:27:55.137+0000] {python.py:177} INFO - Done. Returned value was: None
[2023-11-29T14:27:55.148+0000] {taskinstance.py:1323} INFO - Marking task as SUCCESS. dag_id=football-etl, task_id=extract_market_value, execution_date=20230312T000000, start_date=20231129T142737, end_date=20231129T142755
[2023-11-29T14:27:55.207+0000] {local_task_job.py:208} INFO - Task exited with return code 0
[2023-11-29T14:27:55.240+0000] {taskinstance.py:2578} INFO - 1 downstream tasks scheduled from follow-on schedule check
