[2023-11-29T13:53:22.613+0000] {taskinstance.py:1083} INFO - Dependencies all met for <TaskInstance: football-etl.extract_market_value scheduled__2023-01-23T00:00:00+00:00 [queued]>
[2023-11-29T13:53:22.629+0000] {taskinstance.py:1083} INFO - Dependencies all met for <TaskInstance: football-etl.extract_market_value scheduled__2023-01-23T00:00:00+00:00 [queued]>
[2023-11-29T13:53:22.630+0000] {taskinstance.py:1279} INFO - 
--------------------------------------------------------------------------------
[2023-11-29T13:53:22.631+0000] {taskinstance.py:1280} INFO - Starting attempt 1 of 2
[2023-11-29T13:53:22.631+0000] {taskinstance.py:1281} INFO - 
--------------------------------------------------------------------------------
[2023-11-29T13:53:22.660+0000] {taskinstance.py:1300} INFO - Executing <Task(PythonOperator): extract_market_value> on 2023-01-23 00:00:00+00:00
[2023-11-29T13:53:22.673+0000] {standard_task_runner.py:55} INFO - Started process 549 to run task
[2023-11-29T13:53:22.676+0000] {standard_task_runner.py:82} INFO - Running: ['***', 'tasks', 'run', 'football-etl', 'extract_market_value', 'scheduled__2023-01-23T00:00:00+00:00', '--job-id', '134', '--raw', '--subdir', 'DAGS_FOLDER/dag-football.py', '--cfg-path', '/tmp/tmp9tdefa8j']
[2023-11-29T13:53:22.677+0000] {standard_task_runner.py:83} INFO - Job 134: Subtask extract_market_value
[2023-11-29T13:53:23.044+0000] {task_command.py:388} INFO - Running <TaskInstance: football-etl.extract_market_value scheduled__2023-01-23T00:00:00+00:00 [running]> on host 6377c365460c
[2023-11-29T13:53:23.152+0000] {taskinstance.py:1509} INFO - Exporting the following env vars:
AIRFLOW_CTX_DAG_OWNER=***
AIRFLOW_CTX_DAG_ID=football-etl
AIRFLOW_CTX_TASK_ID=extract_market_value
AIRFLOW_CTX_EXECUTION_DATE=2023-01-23T00:00:00+00:00
AIRFLOW_CTX_TRY_NUMBER=1
AIRFLOW_CTX_DAG_RUN_ID=scheduled__2023-01-23T00:00:00+00:00
[2023-11-29T13:53:46.598+0000] {extract_market_value.py:65} INFO - Data exported to files/market_value_data.csv successfully.
[2023-11-29T13:53:46.599+0000] {python.py:177} INFO - Done. Returned value was: None
[2023-11-29T13:53:46.616+0000] {taskinstance.py:1323} INFO - Marking task as SUCCESS. dag_id=football-etl, task_id=extract_market_value, execution_date=20230123T000000, start_date=20231129T135322, end_date=20231129T135346
[2023-11-29T13:53:46.656+0000] {local_task_job.py:208} INFO - Task exited with return code 0
[2023-11-29T13:53:46.699+0000] {taskinstance.py:2578} INFO - 0 downstream tasks scheduled from follow-on schedule check
