[2023-11-29T13:53:47.821+0000] {taskinstance.py:1083} INFO - Dependencies all met for <TaskInstance: football-etl.extract_market_value manual__2023-11-29T13:53:14.084319+00:00 [queued]>
[2023-11-29T13:53:47.833+0000] {taskinstance.py:1083} INFO - Dependencies all met for <TaskInstance: football-etl.extract_market_value manual__2023-11-29T13:53:14.084319+00:00 [queued]>
[2023-11-29T13:53:47.834+0000] {taskinstance.py:1279} INFO - 
--------------------------------------------------------------------------------
[2023-11-29T13:53:47.834+0000] {taskinstance.py:1280} INFO - Starting attempt 1 of 2
[2023-11-29T13:53:47.834+0000] {taskinstance.py:1281} INFO - 
--------------------------------------------------------------------------------
[2023-11-29T13:53:47.855+0000] {taskinstance.py:1300} INFO - Executing <Task(PythonOperator): extract_market_value> on 2023-11-29 13:53:14.084319+00:00
[2023-11-29T13:53:47.861+0000] {standard_task_runner.py:55} INFO - Started process 730 to run task
[2023-11-29T13:53:47.863+0000] {standard_task_runner.py:82} INFO - Running: ['***', 'tasks', 'run', 'football-etl', 'extract_market_value', 'manual__2023-11-29T13:53:14.084319+00:00', '--job-id', '154', '--raw', '--subdir', 'DAGS_FOLDER/dag-football.py', '--cfg-path', '/tmp/tmpn2gtyt2b']
[2023-11-29T13:53:47.864+0000] {standard_task_runner.py:83} INFO - Job 154: Subtask extract_market_value
[2023-11-29T13:53:48.312+0000] {task_command.py:388} INFO - Running <TaskInstance: football-etl.extract_market_value manual__2023-11-29T13:53:14.084319+00:00 [running]> on host 6377c365460c
[2023-11-29T13:53:48.395+0000] {taskinstance.py:1509} INFO - Exporting the following env vars:
AIRFLOW_CTX_DAG_OWNER=***
AIRFLOW_CTX_DAG_ID=football-etl
AIRFLOW_CTX_TASK_ID=extract_market_value
AIRFLOW_CTX_EXECUTION_DATE=2023-11-29T13:53:14.084319+00:00
AIRFLOW_CTX_TRY_NUMBER=1
AIRFLOW_CTX_DAG_RUN_ID=manual__2023-11-29T13:53:14.084319+00:00
[2023-11-29T13:54:05.627+0000] {extract_market_value.py:65} INFO - Data exported to files/market_value_data.csv successfully.
[2023-11-29T13:54:05.628+0000] {python.py:177} INFO - Done. Returned value was: None
[2023-11-29T13:54:05.639+0000] {taskinstance.py:1323} INFO - Marking task as SUCCESS. dag_id=football-etl, task_id=extract_market_value, execution_date=20231129T135314, start_date=20231129T135347, end_date=20231129T135405
[2023-11-29T13:54:05.702+0000] {local_task_job.py:208} INFO - Task exited with return code 0
[2023-11-29T13:54:05.888+0000] {taskinstance.py:2578} INFO - 0 downstream tasks scheduled from follow-on schedule check
