[2023-11-29T14:04:11.774+0000] {taskinstance.py:1083} INFO - Dependencies all met for <TaskInstance: football-etl.extract_matches scheduled__2023-02-24T00:00:00+00:00 [queued]>
[2023-11-29T14:04:11.790+0000] {taskinstance.py:1083} INFO - Dependencies all met for <TaskInstance: football-etl.extract_matches scheduled__2023-02-24T00:00:00+00:00 [queued]>
[2023-11-29T14:04:11.791+0000] {taskinstance.py:1279} INFO - 
--------------------------------------------------------------------------------
[2023-11-29T14:04:11.791+0000] {taskinstance.py:1280} INFO - Starting attempt 1 of 2
[2023-11-29T14:04:11.792+0000] {taskinstance.py:1281} INFO - 
--------------------------------------------------------------------------------
[2023-11-29T14:04:12.089+0000] {taskinstance.py:1300} INFO - Executing <Task(PythonOperator): extract_matches> on 2023-02-24 00:00:00+00:00
[2023-11-29T14:04:12.097+0000] {standard_task_runner.py:55} INFO - Started process 3666 to run task
[2023-11-29T14:04:12.101+0000] {standard_task_runner.py:82} INFO - Running: ['***', 'tasks', 'run', 'football-etl', 'extract_matches', 'scheduled__2023-02-24T00:00:00+00:00', '--job-id', '259', '--raw', '--subdir', 'DAGS_FOLDER/dag-football.py', '--cfg-path', '/tmp/tmpd5c0k_va']
[2023-11-29T14:04:12.101+0000] {standard_task_runner.py:83} INFO - Job 259: Subtask extract_matches
[2023-11-29T14:04:12.462+0000] {task_command.py:388} INFO - Running <TaskInstance: football-etl.extract_matches scheduled__2023-02-24T00:00:00+00:00 [running]> on host 6377c365460c
[2023-11-29T14:04:12.606+0000] {taskinstance.py:1509} INFO - Exporting the following env vars:
AIRFLOW_CTX_DAG_OWNER=***
AIRFLOW_CTX_DAG_ID=football-etl
AIRFLOW_CTX_TASK_ID=extract_matches
AIRFLOW_CTX_EXECUTION_DATE=2023-02-24T00:00:00+00:00
AIRFLOW_CTX_TRY_NUMBER=1
AIRFLOW_CTX_DAG_RUN_ID=scheduled__2023-02-24T00:00:00+00:00
[2023-11-29T14:04:23.896+0000] {extract_matches.py:60} INFO - Data exported to files/match_data.csv successfully.
