[2023-11-29T13:53:17.681+0000] {taskinstance.py:1083} INFO - Dependencies all met for <TaskInstance: football-etl.extract_market_value scheduled__2023-01-21T00:00:00+00:00 [queued]>
[2023-11-29T13:53:17.729+0000] {taskinstance.py:1083} INFO - Dependencies all met for <TaskInstance: football-etl.extract_market_value scheduled__2023-01-21T00:00:00+00:00 [queued]>
[2023-11-29T13:53:17.734+0000] {taskinstance.py:1279} INFO - 
--------------------------------------------------------------------------------
[2023-11-29T13:53:17.742+0000] {taskinstance.py:1280} INFO - Starting attempt 2 of 2
[2023-11-29T13:53:17.743+0000] {taskinstance.py:1281} INFO - 
--------------------------------------------------------------------------------
[2023-11-29T13:53:17.814+0000] {taskinstance.py:1300} INFO - Executing <Task(PythonOperator): extract_market_value> on 2023-01-21 00:00:00+00:00
[2023-11-29T13:53:17.828+0000] {standard_task_runner.py:55} INFO - Started process 300 to run task
[2023-11-29T13:53:17.834+0000] {standard_task_runner.py:82} INFO - Running: ['***', 'tasks', 'run', 'football-etl', 'extract_market_value', 'scheduled__2023-01-21T00:00:00+00:00', '--job-id', '117', '--raw', '--subdir', 'DAGS_FOLDER/dag-football.py', '--cfg-path', '/tmp/tmp1t8r06tk']
[2023-11-29T13:53:17.838+0000] {standard_task_runner.py:83} INFO - Job 117: Subtask extract_market_value
[2023-11-29T13:53:18.701+0000] {task_command.py:388} INFO - Running <TaskInstance: football-etl.extract_market_value scheduled__2023-01-21T00:00:00+00:00 [running]> on host 6377c365460c
[2023-11-29T13:53:18.901+0000] {taskinstance.py:1509} INFO - Exporting the following env vars:
AIRFLOW_CTX_DAG_OWNER=***
AIRFLOW_CTX_DAG_ID=football-etl
AIRFLOW_CTX_TASK_ID=extract_market_value
AIRFLOW_CTX_EXECUTION_DATE=2023-01-21T00:00:00+00:00
AIRFLOW_CTX_TRY_NUMBER=2
AIRFLOW_CTX_DAG_RUN_ID=scheduled__2023-01-21T00:00:00+00:00
[2023-11-29T13:53:18.907+0000] {extract_market_value.py:77} INFO - Directory files created successfully.
[2023-11-29T13:53:45.339+0000] {extract_market_value.py:65} INFO - Data exported to files/market_value_data.csv successfully.
[2023-11-29T13:53:45.340+0000] {python.py:177} INFO - Done. Returned value was: None
[2023-11-29T13:53:45.360+0000] {taskinstance.py:1323} INFO - Marking task as SUCCESS. dag_id=football-etl, task_id=extract_market_value, execution_date=20230121T000000, start_date=20231129T135317, end_date=20231129T135345
[2023-11-29T13:53:45.431+0000] {local_task_job.py:208} INFO - Task exited with return code 0
[2023-11-29T13:53:45.456+0000] {taskinstance.py:2578} INFO - 0 downstream tasks scheduled from follow-on schedule check
